<?xml version="1.0" encoding="UTF-8"?>
<!-- Generated by org.testng.reporters.JUnitReportReporter -->
<testsuite hostname="CDMIHFB2" failures="0" tests="11" name="com.mindtree.runner.TestRunner" time="217.829" errors="0" timestamp="2022-01-19T09:55:07 IST" skipped="0">
  <testcase classname="com.mindtree.runner.TestRunner" name="runScenario" time="25.036"/>
  <testcase classname="com.mindtree.runner.TestRunner" name="runScenario" time="22.042"/>
  <testcase classname="com.mindtree.runner.TestRunner" name="runScenario" time="7.670"/>
  <testcase classname="com.mindtree.runner.TestRunner" name="runScenario" time="10.760"/>
  <testcase classname="com.mindtree.runner.TestRunner" name="runScenario" time="5.540"/>
  <testcase classname="com.mindtree.runner.TestRunner" name="runScenario" time="10.613"/>
  <testcase classname="com.mindtree.runner.TestRunner" name="runScenario" time="21.146"/>
  <testcase classname="com.mindtree.runner.TestRunner" name="runScenario" time="32.107"/>
  <testcase classname="com.mindtree.runner.TestRunner" name="runScenario" time="29.882"/>
  <testcase classname="com.mindtree.runner.TestRunner" name="runScenario" time="28.068"/>
  <testcase classname="com.mindtree.runner.TestRunner" name="runScenario" time="24.965"/>
</testsuite> <!-- com.mindtree.runner.TestRunner -->
